<?xml version="1.0" encoding="UTF-8"?>
<!-- Generated by org.testng.reporters.JUnitReportReporter -->
<testsuite hostname="IN-MUM-PR-WK147" failures="0" tests="1" name="TestAzure_Devops.TestAzure_Devops.demoTest" time="37.414" errors="0" timestamp="2024-03-04T15:13:48 IST" skipped="0">
  <testcase classname="TestAzure_Devops.TestAzure_Devops.demoTest" name="login" time="37.414"/>
  <system-out/>
</testsuite> <!-- TestAzure_Devops.TestAzure_Devops.demoTest -->
